<?xml version="1.0" encoding="UTF-8"?>
<!-- Generated by org.testng.reporters.JUnitReportReporter -->
<testsuite hostname="IBM219-LRT83W3" name="com.appname.functionaltests.SC_001" tests="1" failures="0" timestamp="6 Mar 2016 08:10:37 GMT" time="0.671" errors="0">
  <testcase name="testTC_01" time="0.671" classname="com.appname.functionaltests.SC_001"/>
</testsuite> <!-- com.appname.functionaltests.SC_001 -->
