<?xml version="1.0" encoding="UTF-8"?>
<!-- Generated by org.testng.reporters.JUnitReportReporter -->
<testsuite hostname="IBM219-LRT83W3" name="com.appname.scripts.LoginTestSC_001" tests="2" failures="0" timestamp="2 Mar 2016 07:08:52 GMT" time="6.090" errors="0">
  <testcase name="loginTestTC_001" time="5.776" classname="com.appname.scripts.LoginTestSC_001"/>
  <testcase name="loginTestTC_002" time="0.314" classname="com.appname.scripts.LoginTestSC_001"/>
</testsuite> <!-- com.appname.scripts.LoginTestSC_001 -->
